make: Warning: File `Makefile' has modification time 17 s in the future
make[1]: Warning: File `CMakeFiles/Makefile2' has modification time 17 s in the future
make[2]: Warning: File `CMakeFiles/sensor_msgs_generate_messages_py.dir/progress.make' has modification time 17 s in the future
[35m[1mScanning dependencies of target sensor_msgs_generate_messages_py
make[2]: warning:  Clock skew detected.  Your build may be incomplete.
make[2]: Warning: File `CMakeFiles/sensor_msgs_generate_messages_py.dir/progress.make' has modification time 17 s in the future
make[2]: warning:  Clock skew detected.  Your build may be incomplete.
[0m[  0%] Built target sensor_msgs_generate_messages_py
make[2]: Warning: File `CMakeFiles/std_msgs_generate_messages_py.dir/progress.make' has modification time 17 s in the future
[35m[1mScanning dependencies of target std_msgs_generate_messages_py
make[2]: warning:  Clock skew detected.  Your build may be incomplete.
make[2]: Warning: File `CMakeFiles/std_msgs_generate_messages_py.dir/progress.make' has modification time 17 s in the future
make[2]: warning:  Clock skew detected.  Your build may be incomplete.
[0m[  0%] Built target std_msgs_generate_messages_py
make[2]: Warning: File `CMakeFiles/rosgraph_msgs_generate_messages_cpp.dir/progress.make' has modification time 17 s in the future
[35m[1mScanning dependencies of target rosgraph_msgs_generate_messages_cpp
make[2]: warning:  Clock skew detected.  Your build may be incomplete.
make[2]: Warning: File `CMakeFiles/rosgraph_msgs_generate_messages_cpp.dir/progress.make' has modification time 17 s in the future
make[2]: warning:  Clock skew detected.  Your build may be incomplete.
[0m[  0%] Built target rosgraph_msgs_generate_messages_cpp
make[2]: Warning: File `CMakeFiles/geometry_msgs_generate_messages_cpp.dir/progress.make' has modification time 17 s in the future
[35m[1mScanning dependencies of target geometry_msgs_generate_messages_cpp
make[2]: warning:  Clock skew detected.  Your build may be incomplete.
make[2]: Warning: File `CMakeFiles/geometry_msgs_generate_messages_cpp.dir/progress.make' has modification time 17 s in the future
make[2]: warning:  Clock skew detected.  Your build may be incomplete.
[0m[  0%] Built target geometry_msgs_generate_messages_cpp
make[2]: Warning: File `CMakeFiles/geometry_msgs_generate_messages_lisp.dir/progress.make' has modification time 17 s in the future
[35m[1mScanning dependencies of target geometry_msgs_generate_messages_lisp
make[2]: warning:  Clock skew detected.  Your build may be incomplete.
make[2]: Warning: File `CMakeFiles/geometry_msgs_generate_messages_lisp.dir/progress.make' has modification time 17 s in the future
make[2]: warning:  Clock skew detected.  Your build may be incomplete.
[0m[  0%] Built target geometry_msgs_generate_messages_lisp
make[2]: Warning: File `CMakeFiles/roscpp_generate_messages_cpp.dir/progress.make' has modification time 17 s in the future
[35m[1mScanning dependencies of target roscpp_generate_messages_cpp
make[2]: warning:  Clock skew detected.  Your build may be incomplete.
make[2]: Warning: File `CMakeFiles/roscpp_generate_messages_cpp.dir/progress.make' has modification time 17 s in the future
make[2]: warning:  Clock skew detected.  Your build may be incomplete.
[0m[  0%] Built target roscpp_generate_messages_cpp
make[2]: Warning: File `CMakeFiles/geometry_msgs_generate_messages_py.dir/progress.make' has modification time 17 s in the future
[35m[1mScanning dependencies of target geometry_msgs_generate_messages_py
make[2]: warning:  Clock skew detected.  Your build may be incomplete.
make[2]: Warning: File `CMakeFiles/geometry_msgs_generate_messages_py.dir/progress.make' has modification time 17 s in the future
make[2]: warning:  Clock skew detected.  Your build may be incomplete.
[0m[  0%] Built target geometry_msgs_generate_messages_py
make[2]: Warning: File `CMakeFiles/roscpp_generate_messages_lisp.dir/progress.make' has modification time 17 s in the future
[35m[1mScanning dependencies of target roscpp_generate_messages_lisp
make[2]: warning:  Clock skew detected.  Your build may be incomplete.
make[2]: Warning: File `CMakeFiles/roscpp_generate_messages_lisp.dir/progress.make' has modification time 17 s in the future
make[2]: warning:  Clock skew detected.  Your build may be incomplete.
[0m[  0%] Built target roscpp_generate_messages_lisp
make[2]: Warning: File `CMakeFiles/shared_messages_generate_messages_lisp.dir/progress.make' has modification time 17 s in the future
[35m[1mScanning dependencies of target shared_messages_generate_messages_lisp
make[2]: warning:  Clock skew detected.  Your build may be incomplete.
make[2]: Warning: File `CMakeFiles/shared_messages_generate_messages_lisp.dir/progress.make' has modification time 17 s in the future
make[2]: warning:  Clock skew detected.  Your build may be incomplete.
[0m[  0%] Built target shared_messages_generate_messages_lisp
make[2]: Warning: File `CMakeFiles/roscpp_generate_messages_py.dir/progress.make' has modification time 17 s in the future
[35m[1mScanning dependencies of target roscpp_generate_messages_py
make[2]: warning:  Clock skew detected.  Your build may be incomplete.
make[2]: Warning: File `CMakeFiles/roscpp_generate_messages_py.dir/progress.make' has modification time 17 s in the future
make[2]: warning:  Clock skew detected.  Your build may be incomplete.
[0m[  0%] Built target roscpp_generate_messages_py
make[2]: Warning: File `CMakeFiles/shared_messages_generate_messages_py.dir/progress.make' has modification time 17 s in the future
[35m[1mScanning dependencies of target shared_messages_generate_messages_py
make[2]: warning:  Clock skew detected.  Your build may be incomplete.
make[2]: Warning: File `CMakeFiles/shared_messages_generate_messages_py.dir/progress.make' has modification time 16 s in the future
make[2]: warning:  Clock skew detected.  Your build may be incomplete.
[0m[  0%] Built target shared_messages_generate_messages_py
make[2]: Warning: File `CMakeFiles/std_msgs_generate_messages_cpp.dir/progress.make' has modification time 16 s in the future
[35m[1mScanning dependencies of target std_msgs_generate_messages_cpp
make[2]: warning:  Clock skew detected.  Your build may be incomplete.
make[2]: Warning: File `CMakeFiles/std_msgs_generate_messages_cpp.dir/progress.make' has modification time 16 s in the future
make[2]: warning:  Clock skew detected.  Your build may be incomplete.
[0m[  0%] Built target std_msgs_generate_messages_cpp
make[2]: Warning: File `CMakeFiles/rosgraph_msgs_generate_messages_lisp.dir/progress.make' has modification time 16 s in the future
[35m[1mScanning dependencies of target rosgraph_msgs_generate_messages_lisp
make[2]: warning:  Clock skew detected.  Your build may be incomplete.
make[2]: Warning: File `CMakeFiles/rosgraph_msgs_generate_messages_lisp.dir/progress.make' has modification time 16 s in the future
make[2]: warning:  Clock skew detected.  Your build may be incomplete.
[0m[  0%] Built target rosgraph_msgs_generate_messages_lisp
make[2]: Warning: File `CMakeFiles/sensor_msgs_generate_messages_lisp.dir/progress.make' has modification time 16 s in the future
[35m[1mScanning dependencies of target sensor_msgs_generate_messages_lisp
make[2]: warning:  Clock skew detected.  Your build may be incomplete.
make[2]: Warning: File `CMakeFiles/sensor_msgs_generate_messages_lisp.dir/progress.make' has modification time 16 s in the future
make[2]: warning:  Clock skew detected.  Your build may be incomplete.
[0m[  0%] Built target sensor_msgs_generate_messages_lisp
make[2]: Warning: File `CMakeFiles/sensor_msgs_generate_messages_cpp.dir/progress.make' has modification time 16 s in the future
[35m[1mScanning dependencies of target sensor_msgs_generate_messages_cpp
make[2]: warning:  Clock skew detected.  Your build may be incomplete.
make[2]: Warning: File `CMakeFiles/sensor_msgs_generate_messages_cpp.dir/progress.make' has modification time 16 s in the future
make[2]: warning:  Clock skew detected.  Your build may be incomplete.
[0m[  0%] Built target sensor_msgs_generate_messages_cpp
make[2]: Warning: File `CMakeFiles/rosgraph_msgs_generate_messages_py.dir/progress.make' has modification time 16 s in the future
[35m[1mScanning dependencies of target rosgraph_msgs_generate_messages_py
make[2]: warning:  Clock skew detected.  Your build may be incomplete.
make[2]: Warning: File `CMakeFiles/rosgraph_msgs_generate_messages_py.dir/progress.make' has modification time 16 s in the future
make[2]: warning:  Clock skew detected.  Your build may be incomplete.
[0m[  0%] Built target rosgraph_msgs_generate_messages_py
make[2]: Warning: File `CMakeFiles/shared_messages_generate_messages_cpp.dir/progress.make' has modification time 16 s in the future
[35m[1mScanning dependencies of target shared_messages_generate_messages_cpp
make[2]: warning:  Clock skew detected.  Your build may be incomplete.
make[2]: Warning: File `CMakeFiles/shared_messages_generate_messages_cpp.dir/progress.make' has modification time 16 s in the future
make[2]: warning:  Clock skew detected.  Your build may be incomplete.
[0m[  0%] Built target shared_messages_generate_messages_cpp
make[2]: Warning: File `CMakeFiles/std_msgs_generate_messages_lisp.dir/progress.make' has modification time 16 s in the future
[35m[1mScanning dependencies of target std_msgs_generate_messages_lisp
make[2]: warning:  Clock skew detected.  Your build may be incomplete.
make[2]: Warning: File `CMakeFiles/std_msgs_generate_messages_lisp.dir/progress.make' has modification time 16 s in the future
make[2]: warning:  Clock skew detected.  Your build may be incomplete.
[0m[  0%] Built target std_msgs_generate_messages_lisp
make[2]: Warning: File `CMakeFiles/mobility.dir/flags.make' has modification time 16 s in the future
[35m[1mScanning dependencies of target mobility
make[2]: warning:  Clock skew detected.  Your build may be incomplete.
make[2]: Warning: File `CMakeFiles/mobility.dir/flags.make' has modification time 16 s in the future
[0m[100%] [32mBuilding CXX object CMakeFiles/mobility.dir/src/mobility.cpp.o
[0m[31m[1mLinking CXX executable /nfs/home/matthew/DDSA-ROS/devel/lib/mobility/mobility
make[2]: warning:  Clock skew detected.  Your build may be incomplete.
[0m[100%] Built target mobility
make[1]: warning:  Clock skew detected.  Your build may be incomplete.
make: warning:  Clock skew detected.  Your build may be incomplete.
