Not searching for unused variables given on the command line.
-- The C compiler identification is GNU 4.8.4
-- The CXX compiler identification is GNU 4.8.4
-- Check for working C compiler: /usr/bin/cc
-- Check for working C compiler: /usr/bin/cc -- works
-- Detecting C compiler ABI info
-- Detecting C compiler ABI info - done
-- Check for working CXX compiler: /usr/bin/c++
-- Check for working CXX compiler: /usr/bin/c++ -- works
-- Detecting CXX compiler ABI info
-- Detecting CXX compiler ABI info - done
fatal: No names found, cannot describe anything.
-- Using CATKIN_DEVEL_PREFIX: /home/matthew/DDSA-ROS/devel
-- Using CMAKE_PREFIX_PATH: /home/matthew/DDSA-ROS/devel;/home/matthew/rover_workspace/devel;/opt/ros/indigo
-- This workspace overlays: /home/matthew/DDSA-ROS/devel;/home/matthew/rover_workspace/devel;/opt/ros/indigo
-- Found PythonInterp: /usr/bin/python (found version "2.7.6")
-- Using PYTHON_EXECUTABLE: /usr/bin/python
-- Using Debian Python package layout
-- Using empy: /usr/bin/empy
-- Using CATKIN_ENABLE_TESTING: ON
-- Call enable_testing()
-- Using CATKIN_TEST_RESULTS_DIR: /home/matthew/DDSA-ROS/build/rqt_rover_gui/test_results
-- Looking for include file pthread.h
-- Looking for include file pthread.h - found
-- Looking for pthread_create
-- Looking for pthread_create - not found
-- Looking for pthread_create in pthreads
-- Looking for pthread_create in pthreads - not found
-- Looking for pthread_create in pthread
-- Looking for pthread_create in pthread - found
-- Found Threads: TRUE
-- Found gtest sources under '/usr/src/gtest': gtests will be built
-- Using Python nosetests: /usr/bin/nosetests-2.7
-- catkin 0.6.18
-- Looking for Q_WS_X11
-- Looking for Q_WS_X11 - found
-- Looking for Q_WS_WIN
-- Looking for Q_WS_WIN - not found
-- Looking for Q_WS_QWS
-- Looking for Q_WS_QWS - not found
-- Looking for Q_WS_MAC
-- Looking for Q_WS_MAC - not found
-- Found Qt4: /usr/bin/qmake-qt4 (found version "4.8.6")
-- Boost version: 1.54.0
-- Found PROTOBUF: /usr/lib/x86_64-linux-gnu/libprotobuf.so
-- Configuring done
-- Generating done
-- Build files have been written to: /home/matthew/DDSA-ROS/build/rqt_rover_gui
