make: Warning: File `Makefile' has modification time 17 s in the future
make[1]: Warning: File `CMakeFiles/Makefile2' has modification time 17 s in the future
make[2]: Warning: File `CMakeFiles/std_msgs_generate_messages_lisp.dir/progress.make' has modification time 17 s in the future
[35m[1mScanning dependencies of target std_msgs_generate_messages_lisp
make[2]: warning:  Clock skew detected.  Your build may be incomplete.
make[2]: Warning: File `CMakeFiles/std_msgs_generate_messages_lisp.dir/progress.make' has modification time 17 s in the future
make[2]: warning:  Clock skew detected.  Your build may be incomplete.
[0m[  0%] Built target std_msgs_generate_messages_lisp
make[2]: Warning: File `CMakeFiles/_shared_messages_generate_messages_check_deps_TagsImage.dir/progress.make' has modification time 17 s in the future
[35m[1mScanning dependencies of target _shared_messages_generate_messages_check_deps_TagsImage
make[2]: warning:  Clock skew detected.  Your build may be incomplete.
make[2]: Warning: File `CMakeFiles/_shared_messages_generate_messages_check_deps_TagsImage.dir/progress.make' has modification time 17 s in the future
make[2]: warning:  Clock skew detected.  Your build may be incomplete.
[0m[  0%] Built target _shared_messages_generate_messages_check_deps_TagsImage
make[2]: Warning: File `CMakeFiles/sensor_msgs_generate_messages_lisp.dir/progress.make' has modification time 17 s in the future
[35m[1mScanning dependencies of target sensor_msgs_generate_messages_lisp
make[2]: warning:  Clock skew detected.  Your build may be incomplete.
make[2]: Warning: File `CMakeFiles/sensor_msgs_generate_messages_lisp.dir/progress.make' has modification time 17 s in the future
make[2]: warning:  Clock skew detected.  Your build may be incomplete.
[0m[  0%] Built target sensor_msgs_generate_messages_lisp
make[2]: Warning: File `CMakeFiles/sensor_msgs_generate_messages_cpp.dir/progress.make' has modification time 17 s in the future
[35m[1mScanning dependencies of target sensor_msgs_generate_messages_cpp
make[2]: warning:  Clock skew detected.  Your build may be incomplete.
make[2]: Warning: File `CMakeFiles/sensor_msgs_generate_messages_cpp.dir/progress.make' has modification time 17 s in the future
make[2]: warning:  Clock skew detected.  Your build may be incomplete.
[0m[  0%] Built target sensor_msgs_generate_messages_cpp
make[2]: Warning: File `CMakeFiles/std_msgs_generate_messages_cpp.dir/progress.make' has modification time 17 s in the future
[35m[1mScanning dependencies of target std_msgs_generate_messages_cpp
make[2]: warning:  Clock skew detected.  Your build may be incomplete.
make[2]: Warning: File `CMakeFiles/std_msgs_generate_messages_cpp.dir/progress.make' has modification time 17 s in the future
make[2]: warning:  Clock skew detected.  Your build may be incomplete.
[0m[  0%] Built target std_msgs_generate_messages_cpp
make[2]: Warning: File `CMakeFiles/sensor_msgs_generate_messages_py.dir/progress.make' has modification time 17 s in the future
[35m[1mScanning dependencies of target sensor_msgs_generate_messages_py
make[2]: warning:  Clock skew detected.  Your build may be incomplete.
make[2]: Warning: File `CMakeFiles/sensor_msgs_generate_messages_py.dir/progress.make' has modification time 17 s in the future
make[2]: warning:  Clock skew detected.  Your build may be incomplete.
[0m[  0%] Built target sensor_msgs_generate_messages_py
make[2]: Warning: File `CMakeFiles/std_msgs_generate_messages_py.dir/progress.make' has modification time 17 s in the future
[35m[1mScanning dependencies of target std_msgs_generate_messages_py
make[2]: warning:  Clock skew detected.  Your build may be incomplete.
make[2]: Warning: File `CMakeFiles/std_msgs_generate_messages_py.dir/progress.make' has modification time 17 s in the future
make[2]: warning:  Clock skew detected.  Your build may be incomplete.
[0m[  0%] Built target std_msgs_generate_messages_py
make[2]: Warning: File `CMakeFiles/shared_messages_generate_messages_lisp.dir/progress.make' has modification time 17 s in the future
[35m[1mScanning dependencies of target shared_messages_generate_messages_lisp
make[2]: warning:  Clock skew detected.  Your build may be incomplete.
make[2]: Warning: File `CMakeFiles/shared_messages_generate_messages_lisp.dir/progress.make' has modification time 17 s in the future
[0m[ 25%] [34m[1mGenerating Lisp code from shared_messages/TagsImage.msg
make[2]: warning:  Clock skew detected.  Your build may be incomplete.
[0m[ 25%] Built target shared_messages_generate_messages_lisp
make[2]: Warning: File `CMakeFiles/shared_messages_generate_messages_cpp.dir/progress.make' has modification time 17 s in the future
[35m[1mScanning dependencies of target shared_messages_generate_messages_cpp
make[2]: warning:  Clock skew detected.  Your build may be incomplete.
make[2]: Warning: File `CMakeFiles/shared_messages_generate_messages_cpp.dir/progress.make' has modification time 16 s in the future
[0m[ 50%] [34m[1mGenerating C++ code from shared_messages/TagsImage.msg
make[2]: warning:  Clock skew detected.  Your build may be incomplete.
[0m[ 50%] Built target shared_messages_generate_messages_cpp
make[2]: Warning: File `CMakeFiles/shared_messages_generate_messages_py.dir/progress.make' has modification time 16 s in the future
[35m[1mScanning dependencies of target shared_messages_generate_messages_py
make[2]: warning:  Clock skew detected.  Your build may be incomplete.
make[2]: Warning: File `CMakeFiles/shared_messages_generate_messages_py.dir/progress.make' has modification time 16 s in the future
[0m[ 75%] [34m[1mGenerating Python from MSG shared_messages/TagsImage
[0m[100%] [34m[1mGenerating Python msg __init__.py for shared_messages
make[2]: warning:  Clock skew detected.  Your build may be incomplete.
[0m[100%] Built target shared_messages_generate_messages_py
make[2]: Warning: File `CMakeFiles/shared_messages_generate_messages.dir/progress.make' has modification time 16 s in the future
[35m[1mScanning dependencies of target shared_messages_generate_messages
make[2]: warning:  Clock skew detected.  Your build may be incomplete.
make[2]: Warning: File `CMakeFiles/shared_messages_generate_messages.dir/progress.make' has modification time 16 s in the future
make[2]: warning:  Clock skew detected.  Your build may be incomplete.
[0m[100%] Built target shared_messages_generate_messages
make[1]: warning:  Clock skew detected.  Your build may be incomplete.
make: warning:  Clock skew detected.  Your build may be incomplete.
